<?xml version="1.0" encoding="UTF-8"?>
<!-- Generated by org.testng.reporters.JUnitXMLReporter -->
<testsuite hostname="LAPTOP-1DEC1BEU" ignored="0" name="Testecommerce" tests="4" failures="0" timestamp="2020-12-29T19:44:53 IST" time="89.737" errors="0">
  <testcase name="testAmazonSearchPage" time="21.626" classname="POM.EcommerceTestCases"/>
  <testcase name="testFlipkartSearchPage" time="25.446" classname="POM.EcommerceTestCases"/>
  <testcase name="testMyntraWishlistPage" time="12.271" classname="POM.EcommerceTestCases"/>
  <testcase name="testMyntraWishlistPage" time="12.998" classname="POM.EcommerceTestCases"/>
</testsuite> <!-- Testecommerce -->
