<?xml version="1.0" encoding="UTF-8"?>
<testng-results skipped="0" failed="0" ignored="0" total="3" passed="3">
  <reporter-output>
  </reporter-output>
  <suite name="Default suite" duration-ms="39308" started-at="2020-12-29T20:07:01 IST" finished-at="2020-12-29T20:07:40 IST">
    <groups>
    </groups>
    <test name="Default test" duration-ms="39308" started-at="2020-12-29T20:07:01 IST" finished-at="2020-12-29T20:07:40 IST">
      <class name="TestNg.Testdata1">
        <test-method status="PASS" signature="demo(java.lang.String, java.lang.String)[pri:0, instance:TestNg.Testdata1@5c5a1b69]" name="demo" duration-ms="14070" started-at="2020-12-29T20:07:01 IST" data-provider="getdata" finished-at="2020-12-29T20:07:15 IST">
          <params>
            <param index="0">
              <value>
                <![CDATA[abca]]>
              </value>
            </param>
            <param index="1">
              <value>
                <![CDATA[abcp]]>
              </value>
            </param>
          </params>
          <reporter-output>
          </reporter-output>
        </test-method> <!-- demo -->
        <test-method status="PASS" signature="demo(java.lang.String, java.lang.String)[pri:0, instance:TestNg.Testdata1@5c5a1b69]" name="demo" duration-ms="12674" started-at="2020-12-29T20:07:15 IST" data-provider="getdata" finished-at="2020-12-29T20:07:27 IST">
          <params>
            <param index="0">
              <value>
                <![CDATA[abc1]]>
              </value>
            </param>
            <param index="1">
              <value>
                <![CDATA[abc1p]]>
              </value>
            </param>
          </params>
          <reporter-output>
          </reporter-output>
        </test-method> <!-- demo -->
        <test-method status="PASS" signature="demo(java.lang.String, java.lang.String)[pri:0, instance:TestNg.Testdata1@5c5a1b69]" name="demo" duration-ms="12466" started-at="2020-12-29T20:07:27 IST" data-provider="getdata" finished-at="2020-12-29T20:07:40 IST">
          <params>
            <param index="0">
              <value>
                <![CDATA[abc2]]>
              </value>
            </param>
            <param index="1">
              <value>
                <![CDATA[abc2p]]>
              </value>
            </param>
          </params>
          <reporter-output>
          </reporter-output>
        </test-method> <!-- demo -->
      </class> <!-- TestNg.Testdata1 -->
    </test> <!-- Default test -->
  </suite> <!-- Default suite -->
</testng-results>
